1     	 0000				_PROCESSING_ASM
2     						
3     						    .if defined (_PROCESSING_ASM)
4     						    
5     	 0010				_BLOCK_SIZE .equ 16
6     	 0000				_LEFT_CH .equ 0
7     	 0001				_RIGHT_CH .equ 1
8     	 0002				_CENTER_CH .equ 2
9     	 0003				_LS_CH .equ 3
10    	 0004				_RS_CH .equ 4
11    						
12    						
13    	 0000				    .public _processing
14    	 0000				    .extern _tremoloLeft
15    	 0000				    .extern _tremoloRight
16    	 0000				    .extern _input_gain
17    	 0000				    .extern _headroom_gain
18    	 0000				    .extern _LR_postGain
19    	 0000				    .extern _limiterThreshold
20    						
21    							.code_ovly
21     >> start of macro: .code_ovly
1+    									seg_single , "CODE_OVLY", CODE
1+     >> start of macro: seg_single
1+    						  .if ( "" != "" ) & defined( ___SegStart_CODE_ )
2+    						    segment
3+    						  .else
4+    						    segment "CODE_OVLY"
5+    							.if "" != ""
6+    						___SegStart_CODE_
7+    							.endif
8+    						  .endif
9+    							#RememberSegmentType
10+    >> end of macro: seg_single
2+     >> end of macro: .code_ovly
22    							
23    						     # prema CCC2 pozivnoj konvenciji: 
24    						     # i0 - parametar pokazivac, pIn
25    						     # i1 - parametar pokazivac, pOut
26    	 0000				_processing:
27    						
28    							// push on stack
29    	 0000	 82540017	    xmem[i7] = x2; i7 += 1
30    	 0001	 83540017	    xmem[i7] = x3; i7 += 1
31    	 0002	 86540017	    xmem[i7] = y2; i7 += 1
32    	 0003	 87540017	    xmem[i7] = y3; i7 += 1
33    	 0004	 B2540017	    xmem[i7] = i2; i7 += 1
34    	 0005	 B3540017	    xmem[i7] = i3; i7 += 1
35    	 0006	 BA540017	    xmem[i7] = i6; i7 += 1
36    						
37    							
38    	 0007	 82050000		i2 = i0 + (_BLOCK_SIZE * _LEFT_CH)	// pointer to left channel
39    	 0008	 83050010		i3 = i0 + (_BLOCK_SIZE * _RIGHT_CH) // pointer to right channel
40    						
41    							// FIRST stage, apply input gain on L and R channels
42    							//for (i = 0; i < BLOCK_SIZE; i++)
43    	 0009	 81000011		do(_BLOCK_SIZE),>loop
44    							
45    								//	*L_CH_In_Ptr = (DSPfract)*L_CH_In_Ptr * input_gain;
46    	 000A	 80040000			x0 = xmem[_input_gain]	// load input_gain
47    	 000B	 84940002			y0 = ymem[i2]; 	// load *L_CH_In_Ptr
48    	 000C	 00002400			a0 = x0 * y0;
49    	 000D	 88D40012			ymem[i2] = a0; i2 += 1;	// write result in L channel
50    								
51    								//	*R_CH_In_Ptr = (DSPfract)*R_CH_In_Ptr * input_gain;
52    	 000E	 80040000			x0 = xmem[_input_gain]	// input_gain
53    	 000F	 84940003			y0 = ymem[i3]	// *R_CH_In_Ptr
54    	 0010	 00002400			a0 = x0 * y0;	
55    	 0011	 88D40013	%loop:	ymem[i3] = a0; i3 += 1;	// write result in R channel
56    							
57    							
58    							// Reposition pointers to L and R channels
59    	 0012	 82050000		i2 = i0 + (_BLOCK_SIZE * _LEFT_CH)	//L_CH_In_Ptr = *(pIn + LEFT_CH)
60    	 0013	 83050010		i3 = i0 + (_BLOCK_SIZE * _RIGHT_CH)	//R_CH_In_Ptr = *(pIn + RIGHT_CH)
61    						
62    						
63    							// SECOND stage, apply tremolo on Ls and Rs
64    							//processBlock(L_CH_In_Ptr, Ls_CH_Out_Ptr, &phLeft, tremolo_postGain);
65    	 0014	 84050000		i4 = i0 + (_BLOCK_SIZE * _LEFT_CH)	// first argument of the function
66    	 0015	 85050030		i5 = i0 + (_BLOCK_SIZE * _LS_CH)	// second argument of the function
67    	 0016	 80880000		call _tremoloLeft
68    							
69    							//processBlock(R_CH_In_Ptr, Rs_CH_Out_Ptr, &phRight, tremolo_postGain);
70    	 0017	 84050010		i4 = i0 + (_BLOCK_SIZE * _RIGHT_CH)	// first argument of the function
71    	 0018	 85050040		i5 = i0 + (_BLOCK_SIZE * _RS_CH)	// first argument of the function
72    	 0019	 80880000		call _tremoloRight
73    						
74    						
75    						
76    	 001A	 85050020		i5 = i0 + (_BLOCK_SIZE * _CENTER_CH)	//pointer to center channel, C_CH_In_Ptr = *(pIn + CENTER_CH)
77    							//for (int i = 0; i < BLOCK_SIZE; i++)
78    	 001B	 81000033		do(_BLOCK_SIZE),>loop
79    								
80    								// SECOND stage, sum L and R channels from first stage and apply headroom gain
81    								//accum_LR = (DSPfract) *L_CH_In_Ptr;
82    	 001C	 88940002			a0 = ymem[i2]	// load L sample
83    								//accum_R = (DSPfract)*R_CH_In_Ptr;
84    	 001D	 89940003			a1 = ymem[i3]	// load R sample
85    								//accum_LR = accum_LR + accum_R;
86    	 001E	 00004408			a0 = a0 + a1	// calculate sum of L and R channels
87    						
88    								//accum_LR >>= 1; scale sum by 2
89    	 001F	 00004E40			a0 = a0 >> 1
90    								//fract_mul = accum_LR;
91    	 0020	 48407FFF			x0 = a0
92    	 0021	 84040000			y0 = xmem[_headroom_gain]
93    								//accum_LR = fract_mul * headroom_gain;
94    	 0022	 00002400			a0 = x0 * y0	// multiply sum of L and R channels with headroom gain
95    						
96    								//accum_saturation = accum_LR << 1;
97    	 0023	 48497FFF			a1 = a0			// save scaled value in a1
98    	 0024	 00004E00			a0 = a0 << 1	// rescale by 2
99    								
100   								// *C_CH_Out_Ptr = saturation(accum_saturation);
101   	 0025	 8C040000			b0 = xmem[_limiterThreshold]
102   	 0026	 00004860			if (b0 < a0) a0 = b0		// check saturation for upper bound
103   								
104   	 0027	 00004C84			b0 = -b0
105   	 0028	 00004820			if (b0 > a0) a0 = b0	// check saturation for lower bound
106   						
107   								// write saturated value in center channel
108   	 0029	 88D40015			ymem[i5] = a0; i5 += 1
109   						
110   								// THIRD stage, apply post gain on L and R channels (-6dB)
111   								//fract_mul = accum_LR;
112   	 002A	 49407FFF			x0 = a1	// using scaled value from line 97
113   	 002B	 84040000			y0 = xmem[_LR_postGain]
114   								//accum_LR = fract_mul * LR_postGain;
115   	 002C	 00002400			a0 = x0 * y0	
116   								
117   								//accum_LR <<= 1; rescale value by 2
118   	 002D	 00004E00			a0 = a0 << 1
119   						
120   								// *L_CH_Out_Ptr = saturation(accum_LR);
121   	 002E	 8C040000			b0 = xmem[_limiterThreshold]
122   	 002F	 00004860			if (b0 < a0) a0 = b0	// check saturation for upper bound
123   								
124   	 0030	 00004C84			b0 = -b0
125   	 0031	 00004820			if (b0 > a0) a0 = b0	// check saturation for lower bound
126   								
127   	 0032	 88D40012			ymem[i2] = a0; i2 += 1	// *L_CH_Out_Ptr = a0, write output sample in L channel
128   								
129   								// *R_CH_Out_Ptr = (DSPfract)*L_CH_Out_Ptr;
130   	 0033	 88D40013	%loop:	ymem[i3] = a0; i3 += 1	// write output sample in R channel
131   						
132   						
133   						
134   							// pop from stack
135   	 0034	 02177FFF		i7 -= 1
136   	 0035	 BA140027	   	i6 = xmem[i7]; i7 -= 1
137   	 0036	 B3140027	   	i3 = xmem[i7]; i7 -= 1
138   	 0037	 B2140027	   	i2 = xmem[i7]; i7 -= 1
139   	 0038	 87140027	   	y3 = xmem[i7]; i7 -= 1
140   	 0039	 86140027	   	y2 = xmem[i7]; i7 -= 1
141   	 003A	 83140027	   	x3 = xmem[i7]; i7 -= 1
142   	 003B	 82140007	   	x2 = xmem[i7]
143   							
144   						
145   	 003C	 81880000	    ret
146   						    
147   						    .endif
148   						    
				 SYMBOL TABLE 

    Name                                                                                    Type                  Value 

_BLOCK_SIZE                                                                     					 Number				          16 (10H)
_CENTER_CH                                                                      					 Number				          2 (2H)
_COMMON_INC_PATH_                                                               					 Define                 "C:/CirrusDSP/crystal32/common/inc/"
_DSP_                                                                           					 Define                 "a"
_LEFT_CH                                                                        					 Number				         0 (0H)
_LOCAL_INC_PATH_                                                                					 Define                 "inc/"
_LOCAL_SRC_PATH_                                                                					 Define                 "src/"
_LR_postGain                                                                    					 External   
_LS_CH                                                                          					 Number				          3 (3H)
_MUI_VERSION_                                                                   					 Define                 "020000"
_OVLY_                                                                          					 Define                 "standalone"
_OVLY_REVISION_                                                                 					 Define                 "020000"
_PROCESSING_ASM                                                                 			  Unused Relocatable        __INIT:0000H
_RIGHT_CH                                                                       					 Number				          1 (1H)
_ROUTER_INC_PATH_                                                               					 Define                 "rom_inc/"
_RS_CH                                                                          					 Number				          4 (4H)
_SLOT_                                                                          					 Define                 "0"
_TARGET_FAMILY_                                                                 					 Define                 "crystal32"
_TOOLS_VERSION_                                                                 					 Define                 "0x0701"
_VERSION_                                                                       					 Define                 "00"
__CASM_VER__                                                                    			  Unused Variable		        0 (701H)
_headroom_gain                                                                  					 External   
_input_gain                                                                     					 External   
_limiterThreshold                                                               					 External   
_processing                                                                     			  Public Relocatable       processing_GEN_0000:0000H
_tremoloLeft                                                                    					 External   
_tremoloRight                                                                   					 External   

	       SEGMENTS:

Size			  Name										 Class
0000H	 __INIT                                  			 CODE                                    
003DH	 processing_GEN_0000                     			 CODE_OVLY                               
