1     	 0000					.public _sin_table
2     	 0000					.public _gen_sin
3     	 0000					.extern __laccum_to_int
4     							.xdata_ovly
4      >> start of macro: .xdata_ovly
1+    									seg_single , "X_OVLY", X
1+     >> start of macro: seg_single
1+    						  .if ( "" != "" ) & defined( ___SegStart_X_ )
2+    						    segment
3+    						  .else
4+    						    segment "X_OVLY"
5+    							.if "" != ""
6+    						___SegStart_X_
7+    							.endif
8+    						  .endif
9+    							#RememberSegmentType
10+    >> end of macro: seg_single
2+     >> end of macro: .xdata_ovly
5     	 0000				__extractedConst_0_1
6     	 0000					.dw  (0x1)
	 0000	 00000001	 
7     	 0001					.dw  (0x921fb544)
	 0001	 921FB544	 
8     	 0002					.dw  (0x4261e000)
	 0002	 4261E000	 
9     							.xdata_ovly
9      >> start of macro: .xdata_ovly
1+    									seg_single , "X_OVLY", X
1+     >> start of macro: seg_single
1+    						  .if ( "" != "" ) & defined( ___SegStart_X_ )
2+    						    segment
3+    						  .else
4+    						    segment "X_OVLY"
5+    							.if "" != ""
6+    						___SegStart_X_
7+    							.endif
8+    						  .endif
9+    							#RememberSegmentType
10+    >> end of macro: seg_single
2+     >> end of macro: .xdata_ovly
10    	 0000				__extractedConst_1_1
11    	 0000					.dw  (0x0)
	 0000	 00000000	 
12    	 0001					.dw  (0xc90fdaa2)
	 0001	 C90FDAA2	 
13    	 0002					.dw  (0x2130f000)
	 0002	 2130F000	 
14    							.xdata_ovly
14     >> start of macro: .xdata_ovly
1+    									seg_single , "X_OVLY", X
1+     >> start of macro: seg_single
1+    						  .if ( "" != "" ) & defined( ___SegStart_X_ )
2+    						    segment
3+    						  .else
4+    						    segment "X_OVLY"
5+    							.if "" != ""
6+    						___SegStart_X_
7+    							.endif
8+    						  .endif
9+    							#RememberSegmentType
10+    >> end of macro: seg_single
2+     >> end of macro: .xdata_ovly
15    	 0000				__extractedConst_2_1
16    	 0000					.dw  (0x2)
	 0000	 00000002	 
17    	 0001					.dw  (0x5b2f8fe6)
	 0001	 5B2F8FE6	 
18    	 0002					.dw  (0x6392e000)
	 0002	 6392E000	 
19    							.xdata_ovly
19     >> start of macro: .xdata_ovly
1+    									seg_single , "X_OVLY", X
1+     >> start of macro: seg_single
1+    						  .if ( "" != "" ) & defined( ___SegStart_X_ )
2+    						    segment
3+    						  .else
4+    						    segment "X_OVLY"
5+    							.if "" != ""
6+    						___SegStart_X_
7+    							.endif
8+    						  .endif
9+    							#RememberSegmentType
10+    >> end of macro: seg_single
2+     >> end of macro: .xdata_ovly
20    	 0000				_sin_table
21    	 0000					.dw  (0x0)
	 0000	 00000000	 
22    	 0001					.dw  (0xc9107f)
	 0001	 00C9107F	 
23    	 0002					.dw  (0x19220ff)
	 0002	 019220FF	 
24    	 0003					.dw  (0x25b291b)
	 0003	 025B291B	 
25    	 0004					.dw  (0x32428d4)
	 0004	 032428D4	 
26    	 0005					.dw  (0x3ed288c)
	 0005	 03ED288C	 
27    	 0006					.dw  (0x4b6177e)
	 0006	 04B6177E	 
28    	 0007					.dw  (0x57efe0c)
	 0007	 057EFE0C	 
29    	 0008					.dw  (0x647dc37)
	 0008	 0647DC37	 
30    	 0009					.dw  (0x710a137)
	 0009	 0710A137	 
31    	 000A					.dw  (0x7d95dd4)
	 000A	 07D95DD4	 
32    	 000B					.dw  (0x8a20147)
	 000B	 08A20147	 
33    	 000C					.dw  (0x96a93f2)
	 000C	 096A93F2	 
34    	 000D					.dw  (0xa330510)
	 000D	 0A330510	 
35    	 000E					.dw  (0xafb6566)
	 000E	 0AFB6566	 
36    	 000F					.dw  (0xbc3ac92)
	 000F	 0BC3AC92	 
37    	 0010					.dw  (0xc8bd230)
	 0010	 0C8BD230	 
38    	 0011					.dw  (0xd53dea4)
	 0011	 0D53DEA4	 
39    	 0012					.dw  (0xe1bc126)
	 0012	 0E1BC126	 
40    	 0013					.dw  (0xee38a7e)
	 0013	 0EE38A7E	 
41    	 0014					.dw  (0xfab29e4)
	 0014	 0FAB29E4	 
42    	 0015					.dw  (0x10729f59)
	 0015	 10729F59	 
43    	 0016					.dw  (0x1139f340)
	 0016	 1139F340	 
44    	 0017					.dw  (0x120114d2)
	 0017	 120114D2	 
45    	 0018					.dw  (0x12c80c73)
	 0018	 12C80C73	 
46    	 0019					.dw  (0x138eda22)
	 0019	 138EDA22	 
47    	 001A					.dw  (0x1455757d)
	 001A	 1455757D	 
48    	 001B					.dw  (0x151bde82)
	 001B	 151BDE82	 
49    	 001C					.dw  (0x15e21533)
	 001C	 15E21533	 
50    	 001D					.dw  (0x16a8112b)
	 001D	 16A8112B	 
51    	 001E					.dw  (0x176ddace)
	 001E	 176DDACE	 
52    	 001F					.dw  (0x183369b9)
	 001F	 183369B9	 
53    	 0020					.dw  (0x18f8b588)
	 0020	 18F8B588	 
54    	 0021					.dw  (0x19bdcf03)
	 0021	 19BDCF03	 
55    	 0022					.dw  (0x1a829cfd)
	 0022	 1A829CFD	 
56    	 0023					.dw  (0x1b473040)
	 0023	 1B473040	 
57    	 0024					.dw  (0x1c0b8066)
	 0024	 1C0B8066	 
58    	 0025					.dw  (0x1ccf8d71)
	 0025	 1CCF8D71	 
59    	 0026					.dw  (0x1d934efc)
	 0026	 1D934EFC	 
60    	 0027					.dw  (0x1e56cd6c)
	 0027	 1E56CD6C	 
61    	 0028					.dw  (0x1f19f7f8)
	 0028	 1F19F7F8	 
62    	 0029					.dw  (0x1fdcdf69)
	 0029	 1FDCDF69	 
63    	 002A					.dw  (0x209f72f7)
	 002A	 209F72F7	 
64    	 002B					.dw  (0x2161b2a2)
	 002B	 2161B2A2	 
65    	 002C					.dw  (0x2223a6ce)
	 002C	 2223A6CE	 
66    	 002D					.dw  (0x22e53eb3)
	 002D	 22E53EB3	 
67    	 002E					.dw  (0x23a68b19)
	 002E	 23A68B19	 
68    	 002F					.dw  (0x24677b39)
	 002F	 24677B39	 
69    	 0030					.dw  (0x25280f12)
	 0030	 25280F12	 
70    	 0031					.dw  (0x25e846a5)
	 0031	 25E846A5	 
71    	 0032					.dw  (0x26a821f2)
	 0032	 26A821F2	 
72    	 0033					.dw  (0x2767a0f9)
	 0033	 2767A0F9	 
73    	 0034					.dw  (0x2826bb55)
	 0034	 2826BB55	 
74    	 0035					.dw  (0x28e57108)
	 0035	 28E57108	 
75    	 0036					.dw  (0x29a3c211)
	 0036	 29A3C211	 
76    	 0037					.dw  (0x2a61ae70)
	 0037	 2A61AE70	 
77    	 0038					.dw  (0x2b1f3626)
	 0038	 2B1F3626	 
78    	 0039					.dw  (0x2bdc50ce)
	 0039	 2BDC50CE	 
79    	 003A					.dw  (0x2c98fe69)
	 003A	 2C98FE69	 
80    	 003B					.dw  (0x2d553ef6)
	 003B	 2D553EF6	 
81    	 003C					.dw  (0x2e110a13)
	 003C	 2E110A13	 
82    	 003D					.dw  (0x2ecc6822)
	 003D	 2ECC6822	 
83    	 003E					.dw  (0x2f8750c1)
	 003E	 2F8750C1	 
84    	 003F					.dw  (0x3041c3ef)
	 003F	 3041C3EF	 
85    	 0040					.dw  (0x30fbc1ac)
	 0040	 30FBC1AC	 
86    	 0041					.dw  (0x31b549f9)
	 0041	 31B549F9	 
87    	 0042					.dw  (0x326e5471)
	 0042	 326E5471	 
88    	 0043					.dw  (0x3326e115)
	 0043	 3326E115	 
89    	 0044					.dw  (0x33deefe4)
	 0044	 33DEEFE4	 
90    	 0045					.dw  (0x349680e0)
	 0045	 349680E0	 
91    	 0046					.dw  (0x354d9407)
	 0046	 354D9407	 
92    	 0047					.dw  (0x36041893)
	 0047	 36041893	 
93    	 0048					.dw  (0x36ba1f4b)
	 0048	 36BA1F4B	 
94    	 0049					.dw  (0x376f9fcb)
	 0049	 376F9FCB	 
95    	 004A					.dw  (0x382491af)
	 004A	 382491AF	 
96    	 004B					.dw  (0x38d8fd5c)
	 004B	 38D8FD5C	 
97    	 004C					.dw  (0x398cda6e)
	 004C	 398CDA6E	 
98    	 004D					.dw  (0x3a403148)
	 004D	 3A403148	 
99    	 004E					.dw  (0x3af2f123)
	 004E	 3AF2F123	 
100   	 004F					.dw  (0x3ba51a00)
	 004F	 3BA51A00	 
101   	 0050					.dw  (0x3c56bca5)
	 0050	 3C56BCA5	 
102   	 0051					.dw  (0x3d07bfe7)
	 0051	 3D07BFE7	 
103   	 0052					.dw  (0x3db8348f)
	 0052	 3DB8348F	 
104   	 0053					.dw  (0x3e6809d4)
	 0053	 3E6809D4	 
105   	 0054					.dw  (0x3f17481b)
	 0054	 3F17481B	 
106   	 0055					.dw  (0x3fc5ef62)
	 0055	 3FC5EF62	 
107   	 0056					.dw  (0x4073eee5)
	 0056	 4073EEE5	 
108   	 0057					.dw  (0x41215768)
	 0057	 41215768	 
109   	 0058					.dw  (0x41ce2089)
	 0058	 41CE2089	 
110   	 0059					.dw  (0x427a41e5)
	 0059	 427A41E5	 
111   	 005A					.dw  (0x4325c3de)
	 005A	 4325C3DE	 
112   	 005B					.dw  (0x43d09e12)
	 005B	 43D09E12	 
113   	 005C					.dw  (0x447ad080)
	 005C	 447AD080	 
114   	 005D					.dw  (0x452452c5)
	 005D	 452452C5	 
115   	 005E					.dw  (0x45cd35a8)
	 005E	 45CD35A8	 
116   	 005F					.dw  (0x46756861)
	 005F	 46756861	 
117   	 0060					.dw  (0x471ceaf2)
	 0060	 471CEAF2	 
118   	 0061					.dw  (0x47c3c5bd)
	 0061	 47C3C5BD	 
119   	 0062					.dw  (0x4869e7fb)
	 0062	 4869E7FB	 
120   	 0063					.dw  (0x490f5a10)
	 0063	 490F5A10	 
121   	 0064					.dw  (0x49b41398)
	 0064	 49B41398	 
122   	 0065					.dw  (0x4a581cf7)
	 0065	 4A581CF7	 
123   	 0066					.dw  (0x4afb6dca)
	 0066	 4AFB6DCA	 
124   	 0067					.dw  (0x4b9e060f)
	 0067	 4B9E060F	 
125   	 0068					.dw  (0x4c3fdd65)
	 0068	 4C3FDD65	 
126   	 0069					.dw  (0x4ce0fc2e)
	 0069	 4CE0FC2E	 
127   	 006A					.dw  (0x4d81626b)
	 006A	 4D81626B	 
128   	 006B					.dw  (0x4e2107b7)
	 006B	 4E2107B7	 
129   	 006C					.dw  (0x4ebfec13)
	 006C	 4EBFEC13	 
130   	 006D					.dw  (0x4f5e071c)
	 006D	 4F5E071C	 
131   	 006E					.dw  (0x4ffb6134)
	 006E	 4FFB6134	 
132   	 006F					.dw  (0x5097fa5d)
	 006F	 5097FA5D	 
133   	 0070					.dw  (0x5133ca31)
	 0070	 5133CA31	 
134   	 0071					.dw  (0x51ced0b3)
	 0071	 51CED0B3	 
135   	 0072					.dw  (0x52691644)
	 0072	 52691644	 
136   	 0073					.dw  (0x530281ba)
	 0073	 530281BA	 
137   	 0074					.dw  (0x539b2c40)
	 0074	 539B2C40	 
138   	 0075					.dw  (0x54330510)
	 0075	 54330510	 
139   	 0076					.dw  (0x54ca0c28)
	 0076	 54CA0C28	 
140   	 0077					.dw  (0x55604189)
	 0077	 55604189	 
141   	 0078					.dw  (0x55f5a533)
	 0078	 55F5A533	 
142   	 0079					.dw  (0x568a3726)
	 0079	 568A3726	 
143   	 007A					.dw  (0x571deefe)
	 007A	 571DEEFE	 
144   	 007B					.dw  (0x57b0d51f)
	 007B	 57B0D51F	 
145   	 007C					.dw  (0x5842e126)
	 007C	 5842E126	 
146   	 007D					.dw  (0x58d40aae)
	 007D	 58D40AAE	 
147   	 007E					.dw  (0x59646280)
	 007E	 59646280	 
148   	 007F					.dw  (0x59f3e037)
	 007F	 59F3E037	 
149   	 0080					.dw  (0x5a827b6f)
	 0080	 5A827B6F	 
150   	 0081					.dw  (0x5b10342a)
	 0081	 5B10342A	 
151   	 0082					.dw  (0x5b9d12ca)
	 0082	 5B9D12CA	 
152   	 0083					.dw  (0x5c290eed)
	 0083	 5C290EED	 
153   	 0084					.dw  (0x5cb4202d)
	 0084	 5CB4202D	 
154   	 0085					.dw  (0x5d3e4ef0)
	 0085	 5D3E4EF0	 
155   	 0086					.dw  (0x5dc79b34)
	 0086	 5DC79B34	 
156   	 0087					.dw  (0x5e5004fb)
	 0087	 5E5004FB	 
157   	 0088					.dw  (0x5ed77b7c)
	 0088	 5ED77B7C	 
158   	 0089					.dw  (0x5f5e0f7f)
	 0089	 5F5E0F7F	 
159   	 008A					.dw  (0x5fe3b03e)
	 008A	 5FE3B03E	 
160   	 008B					.dw  (0x60686e7e)
	 008B	 60686E7E	 
161   	 008C					.dw  (0x60ec3979)
	 008C	 60EC3979	 
162   	 008D					.dw  (0x616f112f)
	 008D	 616F112F	 
163   	 008E					.dw  (0x61f0fe04)
	 008E	 61F0FE04	 
164   	 008F					.dw  (0x6271f794)
	 008F	 6271F794	 
165   	 0090					.dw  (0x62f1fdde)
	 0090	 62F1FDDE	 
166   	 0091					.dw  (0x637110e4)
	 0091	 637110E4	 
167   	 0092					.dw  (0x63ef30a4)
	 0092	 63EF30A4	 
168   	 0093					.dw  (0x646c5d20)
	 0093	 646C5D20	 
169   	 0094					.dw  (0x64e8858f)
	 0094	 64E8858F	 
170   	 0095					.dw  (0x6563c31d)
	 0095	 6563C31D	 
171   	 0096					.dw  (0x65ddfc9f)
	 0096	 65DDFC9F	 
172   	 0097					.dw  (0x66573a79)
	 0097	 66573A79	 
173   	 0098					.dw  (0x66cf850d)
	 0098	 66CF850D	 
174   	 0099					.dw  (0x6746cb96)
	 0099	 6746CB96	 
175   	 009A					.dw  (0x67bd0e12)
	 009A	 67BD0E12	 
176   	 009B					.dw  (0x683254e6)
	 009B	 683254E6	 
177   	 009C					.dw  (0x68a6a012)
	 009C	 68A6A012	 
178   	 009D					.dw  (0x6919e731)
	 009D	 6919E731	 
179   	 009E					.dw  (0x698c21e1)
	 009E	 698C21E1	 
180   	 009F					.dw  (0x69fd60e9)
	 009F	 69FD60E9	 
181   	 00A0					.dw  (0x6a6d9be4)
	 00A0	 6A6D9BE4	 
182   	 00A1					.dw  (0x6adcca70)
	 00A1	 6ADCCA70	 
183   	 00A2					.dw  (0x6b4af4f0)
	 00A2	 6B4AF4F0	 
184   	 00A3					.dw  (0x6bb81301)
	 00A3	 6BB81301	 
185   	 00A4					.dw  (0x6c242d05)
	 00A4	 6C242D05	 
186   	 00A5					.dw  (0x6c8f3237)
	 00A5	 6C8F3237	 
187   	 00A6					.dw  (0x6cf9335d)
	 00A6	 6CF9335D	 
188   	 00A7					.dw  (0x6d622813)
	 00A7	 6D622813	 
189   	 00A8					.dw  (0x6dca1059)
	 00A8	 6DCA1059	 
190   	 00A9					.dw  (0x6e30e3cd)
	 00A9	 6E30E3CD	 
191   	 00AA					.dw  (0x6e96aad1)
	 00AA	 6E96AAD1	 
192   	 00AB					.dw  (0x6efb5d03)
	 00AB	 6EFB5D03	 
193   	 00AC					.dw  (0x6f5f02c4)
	 00AC	 6F5F02C4	 
194   	 00AD					.dw  (0x6fc193b3)
	 00AD	 6FC193B3	 
195   	 00AE					.dw  (0x70230fcf)
	 00AE	 70230FCF	 
196   	 00AF					.dw  (0x70837718)
	 00AF	 70837718	 
197   	 00B0					.dw  (0x70e2c98e)
	 00B0	 70E2C98E	 
198   	 00B1					.dw  (0x71410731)
	 00B1	 71410731	 
199   	 00B2					.dw  (0x719e3001)
	 00B2	 719E3001	 
200   	 00B3					.dw  (0x71fa3b9a)
	 00B3	 71FA3B9A	 
201   	 00B4					.dw  (0x725529fe)
	 00B4	 725529FE	 
202   	 00B5					.dw  (0x72af038e)
	 00B5	 72AF038E	 
203   	 00B6					.dw  (0x7307bfe7)
	 00B6	 7307BFE7	 
204   	 00B7					.dw  (0x735f676e)
	 00B7	 735F676E	 
205   	 00B8					.dw  (0x73b5e95b)
	 00B8	 73B5E95B	 
206   	 00B9					.dw  (0x740b5675)
	 00B9	 740B5675	 
207   	 00BA					.dw  (0x745f9df5)
	 00BA	 745F9DF5	 
208   	 00BB					.dw  (0x74b2c83e)
	 00BB	 74B2C83E	 
209   	 00BC					.dw  (0x7504d551)
	 00BC	 7504D551	 
210   	 00BD					.dw  (0x7555bcca)
	 00BD	 7555BCCA	 
211   	 00BE					.dw  (0x75a5870d)
	 00BE	 75A5870D	 
212   	 00BF					.dw  (0x75f42bb6)
	 00BF	 75F42BB6	 
213   	 00C0					.dw  (0x7641b328)
	 00C0	 7641B328	 
214   	 00C1					.dw  (0x768e0c9d)
	 00C1	 768E0C9D	 
215   	 00C2					.dw  (0x76d948dc)
	 00C2	 76D948DC	 
216   	 00C3					.dw  (0x77235f80)
	 00C3	 77235F80	 
217   	 00C4					.dw  (0x776c508b)
	 00C4	 776C508B	 
218   	 00C5					.dw  (0x77b41bfb)
	 00C5	 77B41BFB	 
219   	 00C6					.dw  (0x77fab96f)
	 00C6	 77FAB96F	 
220   	 00C7					.dw  (0x78403148)
	 00C7	 78403148	 
221   	 00C8					.dw  (0x78848387)
	 00C8	 78848387	 
222   	 00C9					.dw  (0x78c7a7c9)
	 00C9	 78C7A7C9	 
223   	 00CA					.dw  (0x7909a671)
	 00CA	 7909A671	 
224   	 00CB					.dw  (0x794a7f80)
	 00CB	 794A7F80	 
225   	 00CC					.dw  (0x798a222d)
	 00CC	 798A222D	 
226   	 00CD					.dw  (0x79c89f40)
	 00CD	 79C89F40	 
227   	 00CE					.dw  (0x7a05ee56)
	 00CE	 7A05EE56	 
228   	 00CF					.dw  (0x7a420f6f)
	 00CF	 7A420F6F	 
229   	 00D0					.dw  (0x7a7d028a)
	 00D0	 7A7D028A	 
230   	 00D1					.dw  (0x7ab6c7a7)
	 00D1	 7AB6C7A7	 
231   	 00D2					.dw  (0x7aef672b)
	 00D2	 7AEF672B	 
232   	 00D3					.dw  (0x7b26c7ea)
	 00D3	 7B26C7EA	 
233   	 00D4					.dw  (0x7b5d0310)
	 00D4	 7B5D0310	 
234   	 00D5					.dw  (0x7b9207d4)
	 00D5	 7B9207D4	 
235   	 00D6					.dw  (0x7bc5de9c)
	 00D6	 7BC5DE9C	 
236   	 00D7					.dw  (0x7bf88765)
	 00D7	 7BF88765	 
237   	 00D8					.dw  (0x7c29f9ce)
	 00D8	 7C29F9CE	 
238   	 00D9					.dw  (0x7c5a3e39)
	 00D9	 7C5A3E39	 
239   	 00DA					.dw  (0x7c894c44)
	 00DA	 7C894C44	 
240   	 00DB					.dw  (0x7cb723ee)
	 00DB	 7CB723EE	 
241   	 00DC					.dw  (0x7ce3cd9a)
	 00DC	 7CE3CD9A	 
242   	 00DD					.dw  (0x7d0f40e5)
	 00DD	 7D0F40E5	 
243   	 00DE					.dw  (0x7d397dd0)
	 00DE	 7D397DD0	 
244   	 00DF					.dw  (0x7d628cbd)
	 00DF	 7D628CBD	 
245   	 00E0					.dw  (0x7d8a5ce5)
	 00E0	 7D8A5CE5	 
246   	 00E1					.dw  (0x7db0ff10)
	 00E1	 7DB0FF10	 
247   	 00E2					.dw  (0x7dd66277)
	 00E2	 7DD66277	 
248   	 00E3					.dw  (0x7dfa97e1)
	 00E3	 7DFA97E1	 
249   	 00E4					.dw  (0x7e1d96e9)
	 00E4	 7E1D96E9	 
250   	 00E5					.dw  (0x7e3f572d)
	 00E5	 7E3F572D	 
251   	 00E6					.dw  (0x7e5fe111)
	 00E6	 7E5FE111	 
252   	 00E7					.dw  (0x7e7f3cf7)
	 00E7	 7E7F3CF7	 
253   	 00E8					.dw  (0x7e9d5a18)
	 00E8	 7E9D5A18	 
254   	 00E9					.dw  (0x7eba3875)
	 00E9	 7EBA3875	 
255   	 00EA					.dw  (0x7ed5e8d5)
	 00EA	 7ED5E8D5	 
256   	 00EB					.dw  (0x7ef05a70)
	 00EB	 7EF05A70	 
257   	 00EC					.dw  (0x7f0995aa)
	 00EC	 7F0995AA	 
258   	 00ED					.dw  (0x7f219220)
	 00ED	 7F219220	 
259   	 00EE					.dw  (0x7f385836)
	 00EE	 7F385836	 
260   	 00EF					.dw  (0x7f4de7ea)
	 00EF	 7F4DE7EA	 
261   	 00F0					.dw  (0x7f6238da)
	 00F0	 7F6238DA	 
262   	 00F1					.dw  (0x7f754b05)
	 00F1	 7F754B05	 
263   	 00F2					.dw  (0x7f872f33)
	 00F2	 7F872F33	 
264   	 00F3					.dw  (0x7f97cc39)
	 00F3	 7F97CC39	 
265   	 00F4					.dw  (0x7fa732df)
	 00F4	 7FA732DF	 
266   	 00F5					.dw  (0x7fb56323)
	 00F5	 7FB56323	 
267   	 00F6					.dw  (0x7fc254a3)
	 00F6	 7FC254A3	 
268   	 00F7					.dw  (0x7fce0fc2)
	 00F7	 7FCE0FC2	 
269   	 00F8					.dw  (0x7fd883ba)
	 00F8	 7FD883BA	 
270   	 00F9					.dw  (0x7fe1c9b4)
	 00F9	 7FE1C9B4	 
271   	 00FA					.dw  (0x7fe9c886)
	 00FA	 7FE9C886	 
272   	 00FB					.dw  (0x7ff090f7)
	 00FB	 7FF090F7	 
273   	 00FC					.dw  (0x7ff62307)
	 00FC	 7FF62307	 
274   	 00FD					.dw  (0x7ffa7653)
	 00FD	 7FFA7653	 
275   	 00FE					.dw  (0x7fffd60e)
	 00FE	 7FFFD60E	 
276   	 00FF					.dw  (0x7ffff79c)
	 00FF	 7FFFF79C	 
277   							.code_ovly
277    >> start of macro: .code_ovly
1+    									seg_single , "CODE_OVLY", CODE
1+     >> start of macro: seg_single
1+    						  .if ( "" != "" ) & defined( ___SegStart_CODE_ )
2+    						    segment
3+    						  .else
4+    						    segment "CODE_OVLY"
5+    							.if "" != ""
6+    						___SegStart_CODE_
7+    							.endif
8+    						  .endif
9+    							#RememberSegmentType
10+    >> end of macro: seg_single
2+     >> end of macro: .code_ovly
278   						
279   						
280   						
281   	 0000				_gen_sin:			/* LN: 31 | CYCLE: 0 | RULES: () */ 
282   	 0000	 BB540007		xmem[i7] = i7			# LN: 31 | 
283   	 0001	 020F7FFF		i7 += 1			# LN: 31 | 
284   	 0002	 87750015		i7 = i7 + (0x15)			# LN: 31 | 
285   	 0003	 90750003		i0 = i7 - (0x3)			# LN: 31 | 
286   	 0004	 A0540010		xmem[i0] = a0g; i0 += 1			# LN: 31, 31 | 
287   	 0005	 98540010		xmem[i0] = a0h; i0 += 1			# LN: 31, 31 | 
288   	 0006	 90540000		xmem[i0] = a0l			# LN: 31 | 
289   	 0007				cline_31_0:			/* LN: 43 | CYCLE: 0 | RULES: () */ 
290   	 0007	 90750006		i0 = i7 - (0x6)			# LN: 43 | 
291   	 0008	 00004DC0		a0 = 0			# LN: 43 | 
292   	 0009	 A04A0051		a0g = (0x51)			# LN: 43 | 
293   	 000A	 A0540010		xmem[i0] = a0g; i0 += 1			# LN: 43, 43 | 
294   	 000B	 98540010		xmem[i0] = a0h; i0 += 1			# LN: 43, 43 | 
295   	 000C	 90540000		xmem[i0] = a0l			# LN: 43 | 
296   	 000D				cline_43_0:			/* LN: 44 | CYCLE: 0 | RULES: () */ 
297   	 000D	 90750006		i0 = i7 - (0x6)			# LN: 44 | 
298   	 000E	 A0140010		a0g = xmem[i0]; i0 += 1			# LN: 44, 44 | 
299   	 000F	 98140010		a0h = xmem[i0]; i0 += 1			# LN: 44, 44 | 
300   	 0010	 90140000		a0l = xmem[i0]			# LN: 44 | 
301   	 0011	 80800012		do (0x8), label_end_10_0			# LN: 44 | 
302   	 0012				label_begin_10_0:			/* LN: 44 | CYCLE: 0 | RULES: (CBitwiseFixPointShiftConstNonstandardValue) */ 
303   	 0012				label_end_10_0:			# LN: 44 | CYCLE: 0 | RULES: (CBitwiseFixPointShiftConstNonstandardValue)
304   	 0012	 00004E40		a0 = a0 >> 1			# LN: 44 | 
305   	 0013	 90750006		i0 = i7 - (0x6)			# LN: 44 | 
306   	 0014	 A0540010		xmem[i0] = a0g; i0 += 1			# LN: 44, 44 | 
307   	 0015	 98540010		xmem[i0] = a0h; i0 += 1			# LN: 44, 44 | 
308   	 0016	 90540000		xmem[i0] = a0l			# LN: 44 | 
309   	 0017				cline_44_0:			/* LN: 45 | CYCLE: 0 | RULES: () */ 
310   	 0017	 90750006		i0 = i7 - (0x6)			# LN: 45 | 
311   	 0018	 A0140010		a0g = xmem[i0]; i0 += 1			# LN: 45, 45 | 
312   	 0019	 98140010		a0h = xmem[i0]; i0 += 1			# LN: 45, 45 | 
313   	 001A	 90140000		a0l = xmem[i0]			# LN: 45 | 
314   	 001B	 90750007		i0 = i7 - (0x7)			# LN: 45 | 
315   	 001C	 88540000		xmem[i0] = a0			# LN: 45 | 
316   	 001D				cline_45_0:			/* LN: 48 | CYCLE: 0 | RULES: () */ 
317   	 001D	 A0040000		a0g = xmem[__extractedConst_0_1 + 0]			# LN: 48 | 
318   	 001E	 98040001		a0h = xmem[__extractedConst_0_1 + 1]			# LN: 48 | 
319   	 001F	 90040002		a0l = xmem[__extractedConst_0_1 + 2]			# LN: 48 | 
320   	 0020	 9075000A		i0 = i7 - (0xa)			# LN: 48 | 
321   	 0021	 A0540010		xmem[i0] = a0g; i0 += 1			# LN: 48, 48 | 
322   	 0022	 98540010		xmem[i0] = a0h; i0 += 1			# LN: 48, 48 | 
323   	 0023	 90540000		xmem[i0] = a0l			# LN: 48 | 
324   	 0024				cline_48_0:			/* LN: 49 | CYCLE: 0 | RULES: () */ 
325   	 0024	 A0040000		a0g = xmem[__extractedConst_1_1 + 0]			# LN: 49 | 
326   	 0025	 98040001		a0h = xmem[__extractedConst_1_1 + 1]			# LN: 49 | 
327   	 0026	 90040002		a0l = xmem[__extractedConst_1_1 + 2]			# LN: 49 | 
328   	 0027	 9075000D		i0 = i7 - (0xd)			# LN: 49 | 
329   	 0028	 A0540010		xmem[i0] = a0g; i0 += 1			# LN: 49, 49 | 
330   	 0029	 98540010		xmem[i0] = a0h; i0 += 1			# LN: 49, 49 | 
331   	 002A	 90540000		xmem[i0] = a0l			# LN: 49 | 
332   	 002B				cline_49_0:			/* LN: 50 | CYCLE: 0 | RULES: () */ 
333   	 002B	 A0040000		a0g = xmem[__extractedConst_2_1 + 0]			# LN: 50 | 
334   	 002C	 98040001		a0h = xmem[__extractedConst_2_1 + 1]			# LN: 50 | 
335   	 002D	 90040002		a0l = xmem[__extractedConst_2_1 + 2]			# LN: 50 | 
336   	 002E	 90750010		i0 = i7 - (0x10)			# LN: 50 | 
337   	 002F	 A0540010		xmem[i0] = a0g; i0 += 1			# LN: 50, 50 | 
338   	 0030	 98540010		xmem[i0] = a0h; i0 += 1			# LN: 50, 50 | 
339   	 0031	 90540000		xmem[i0] = a0l			# LN: 50 | 
340   	 0032				cline_50_0:			/* LN: 52 | CYCLE: 0 | RULES: () */ 
341   	 0032	 90750003		i0 = i7 - (0x3)			# LN: 52 | 
342   	 0033	 A0140010		a0g = xmem[i0]; i0 += 1			# LN: 52, 52 | 
343   	 0034	 98140010		a0h = xmem[i0]; i0 += 1			# LN: 52, 52 | 
344   	 0035	 90140000		a0l = xmem[i0]			# LN: 52 | 
345   	 0036	 9075000D		i0 = i7 - (0xd)			# LN: 52 | 
346   	 0037	 A1140010		a1g = xmem[i0]; i0 += 1			# LN: 52, 52 | 
347   	 0038	 99140010		a1h = xmem[i0]; i0 += 1			# LN: 52, 52 | 
348   	 0039	 00004C24		b0 =+ a0			# LN: 52 | 
349   	 003A	 91140000		a1l = xmem[i0]			# LN: 52 | 
350   	 003B	 00004C08		a0 =+ a1			# LN: 52 | 
351   	 003C	 00005E40		a0 = a0 >> 1; b0 = b0 >> 1			# LN: 52, 52 | 
352   	 003D	 00004F24		b0 - a0			# LN: 52 | 
353   	 003E	 8748006F		if (b > 0) jmp (else_0)			# LN: 52 | 
354   	 003F				cline_52_0:			/* LN: 55 | CYCLE: 0 | RULES: () */ 
355   	 003F	 90750003		i0 = i7 - (0x3)			# LN: 55 | 
356   	 0040	 A0140010		a0g = xmem[i0]; i0 += 1			# LN: 55, 55 | 
357   	 0041	 98140010		a0h = xmem[i0]; i0 += 1			# LN: 55, 55 | 
358   	 0042	 90140000		a0l = xmem[i0]			# LN: 55 | 
359   	 0043	 00004E40		a0 = a0 >> 1			# LN: 55 | 
360   	 0044	 90750003		i0 = i7 - (0x3)			# LN: 55 | 
361   	 0045	 A0540010		xmem[i0] = a0g; i0 += 1			# LN: 55, 55 | 
362   	 0046	 98540010		xmem[i0] = a0h; i0 += 1			# LN: 55, 55 | 
363   	 0047	 90540000		xmem[i0] = a0l			# LN: 55 | 
364   	 0048				cline_55_0:			/* LN: 56 | CYCLE: 0 | RULES: () */ 
365   	 0048	 90750003		i0 = i7 - (0x3)			# LN: 56 | 
366   	 0049	 A0140010		a0g = xmem[i0]; i0 += 1			# LN: 56, 56 | 
367   	 004A	 98140010		a0h = xmem[i0]; i0 += 1			# LN: 56, 56 | 
368   	 004B	 90140000		a0l = xmem[i0]			# LN: 56 | 
369   	 004C	 90750011		i0 = i7 - (0x11)			# LN: 56 | 
370   	 004D	 88540000		xmem[i0] = a0			# LN: 56 | 
371   	 004E				cline_56_0:			/* LN: 58 | CYCLE: 0 | RULES: () */ 
372   	 004E	 90750011		i0 = i7 - (0x11)			# LN: 58 | 
373   	 004F	 80140000		x0 = xmem[i0]			# LN: 58 | 
374   	 0050	 90750007		i0 = i7 - (0x7)			# LN: 58 | 
375   	 0051	 81140000		x1 = xmem[i0]			# LN: 58 | 
376   	 0052	 00002080		a0 = x0 * x1			# LN: 58 | 
377   	 0053	 90750014		i0 = i7 - (0x14)			# LN: 58 | 
378   	 0054	 A0540010		xmem[i0] = a0g; i0 += 1			# LN: 58, 58 | 
379   	 0055	 98540010		xmem[i0] = a0h; i0 += 1			# LN: 58, 58 | 
380   	 0056	 90540000		xmem[i0] = a0l			# LN: 58 | 
381   	 0057				cline_58_0:			/* LN: 59 | CYCLE: 0 | RULES: () */ 
382   	 0057	 90750014		i0 = i7 - (0x14)			# LN: 59 | 
383   	 0058	 A0140010		a0g = xmem[i0]; i0 += 1			# LN: 59, 59 | 
384   	 0059	 98140010		a0h = xmem[i0]; i0 += 1			# LN: 59, 59 | 
385   	 005A	 90140000		a0l = xmem[i0]			# LN: 59 | 
386   	 005B	 00004F80		a0 = a0 << 8			# LN: 59 | 
387   	 005C	 00004E00		a0 = a0 << 1			# LN: 59 | 
388   	 005D	 90750014		i0 = i7 - (0x14)			# LN: 59 | 
389   	 005E	 A0540010		xmem[i0] = a0g; i0 += 1			# LN: 59, 59 | 
390   	 005F	 98540010		xmem[i0] = a0h; i0 += 1			# LN: 59, 59 | 
391   	 0060	 90540000		xmem[i0] = a0l			# LN: 59 | 
392   	 0061				cline_59_0:			/* LN: 60 | CYCLE: 0 | RULES: () */ 
393   	 0061	 90750014		i0 = i7 - (0x14)			# LN: 60 | 
394   	 0062	 A0140010		a0g = xmem[i0]; i0 += 1			# LN: 60, 60 | 
395   	 0063	 98140010		a0h = xmem[i0]; i0 += 1			# LN: 60, 60 | 
396   	 0064	 90140000		a0l = xmem[i0]			# LN: 60 | 
397   	 0065	 80880000		call (__laccum_to_int)			# LN: 60 | 
398   	 0066	 90750015		i0 = i7 - (0x15)			# LN: 60 | 
399   	 0067	 98540000		xmem[i0] = a0h			# LN: 60 | 
400   	 0068				cline_60_0:			/* LN: 62 | CYCLE: 0 | RULES: () */ 
401   	 0068	 90750015		i0 = i7 - (0x15)			# LN: 62 | 
402   	 0069	 88140000		a0 = xmem[i0]			# LN: 62 | 
403   	 006A	 48707FFF		i0 = a0			# LN: 62 | 
404   	 006B	 00007FFF		nop #empty cycle
405   	 006C	 80050000		i0 = i0 + (_sin_table + 0)			# LN: 62 | 
406   	 006D	 88140000		a0 = xmem[i0]			# LN: 62 | 
407   	 006E	 8008014B		jmp (__epilogue_104)			# LN: 62 | 
408   	 006F				cline_62_0:			/* LN: 64 | CYCLE: 0 | RULES: () */ 
409   	 006F				else_0:			/* LN: 52 | CYCLE: 0 | RULES: () */ 
410   	 006F	 90750003		i0 = i7 - (0x3)			# LN: 64 | 
411   	 0070	 A0140010		a0g = xmem[i0]; i0 += 1			# LN: 64, 64 | 
412   	 0071	 98140010		a0h = xmem[i0]; i0 += 1			# LN: 64, 64 | 
413   	 0072	 90140000		a0l = xmem[i0]			# LN: 64 | 
414   	 0073	 9075000A		i0 = i7 - (0xa)			# LN: 64 | 
415   	 0074	 A1140010		a1g = xmem[i0]; i0 += 1			# LN: 64, 64 | 
416   	 0075	 99140010		a1h = xmem[i0]; i0 += 1			# LN: 64, 64 | 
417   	 0076	 00004C24		b0 =+ a0			# LN: 64 | 
418   	 0077	 91140000		a1l = xmem[i0]			# LN: 64 | 
419   	 0078	 00004C08		a0 =+ a1			# LN: 64 | 
420   	 0079	 00005E40		a0 = a0 >> 1; b0 = b0 >> 1			# LN: 64, 64 | 
421   	 007A	 00004F24		b0 - a0			# LN: 64 | 
422   	 007B	 874800B9		if (b > 0) jmp (else_1)			# LN: 64 | 
423   	 007C				cline_64_0:			/* LN: 66 | CYCLE: 0 | RULES: () */ 
424   	 007C	 9075000A		i0 = i7 - (0xa)			# LN: 66 | 
425   	 007D	 A0140010		a0g = xmem[i0]; i0 += 1			# LN: 66, 66 | 
426   	 007E	 98140010		a0h = xmem[i0]; i0 += 1			# LN: 66, 66 | 
427   	 007F	 90140000		a0l = xmem[i0]			# LN: 66 | 
428   	 0080	 90750003		i0 = i7 - (0x3)			# LN: 66 | 
429   	 0081	 A1140010		a1g = xmem[i0]; i0 += 1			# LN: 66, 66 | 
430   	 0082	 99140010		a1h = xmem[i0]; i0 += 1			# LN: 66, 66 | 
431   	 0083	 91140000		a1l = xmem[i0]			# LN: 66 | 
432   	 0084	 00004448		a0 = a0 - a1			# LN: 66 | 
433   	 0085	 90750003		i0 = i7 - (0x3)			# LN: 66 | 
434   	 0086	 A0540010		xmem[i0] = a0g; i0 += 1			# LN: 66, 66 | 
435   	 0087	 98540010		xmem[i0] = a0h; i0 += 1			# LN: 66, 66 | 
436   	 0088	 90540000		xmem[i0] = a0l			# LN: 66 | 
437   	 0089				cline_66_0:			/* LN: 68 | CYCLE: 0 | RULES: () */ 
438   	 0089	 90750003		i0 = i7 - (0x3)			# LN: 68 | 
439   	 008A	 A0140010		a0g = xmem[i0]; i0 += 1			# LN: 68, 68 | 
440   	 008B	 98140010		a0h = xmem[i0]; i0 += 1			# LN: 68, 68 | 
441   	 008C	 90140000		a0l = xmem[i0]			# LN: 68 | 
442   	 008D	 00004E40		a0 = a0 >> 1			# LN: 68 | 
443   	 008E	 90750003		i0 = i7 - (0x3)			# LN: 68 | 
444   	 008F	 A0540010		xmem[i0] = a0g; i0 += 1			# LN: 68, 68 | 
445   	 0090	 98540010		xmem[i0] = a0h; i0 += 1			# LN: 68, 68 | 
446   	 0091	 90540000		xmem[i0] = a0l			# LN: 68 | 
447   	 0092				cline_68_0:			/* LN: 69 | CYCLE: 0 | RULES: () */ 
448   	 0092	 90750003		i0 = i7 - (0x3)			# LN: 69 | 
449   	 0093	 A0140010		a0g = xmem[i0]; i0 += 1			# LN: 69, 69 | 
450   	 0094	 98140010		a0h = xmem[i0]; i0 += 1			# LN: 69, 69 | 
451   	 0095	 90140000		a0l = xmem[i0]			# LN: 69 | 
452   	 0096	 90750011		i0 = i7 - (0x11)			# LN: 69 | 
453   	 0097	 88540000		xmem[i0] = a0			# LN: 69 | 
454   	 0098				cline_69_0:			/* LN: 71 | CYCLE: 0 | RULES: () */ 
455   	 0098	 90750011		i0 = i7 - (0x11)			# LN: 71 | 
456   	 0099	 80140000		x0 = xmem[i0]			# LN: 71 | 
457   	 009A	 90750007		i0 = i7 - (0x7)			# LN: 71 | 
458   	 009B	 81140000		x1 = xmem[i0]			# LN: 71 | 
459   	 009C	 00002080		a0 = x0 * x1			# LN: 71 | 
460   	 009D	 90750014		i0 = i7 - (0x14)			# LN: 71 | 
461   	 009E	 A0540010		xmem[i0] = a0g; i0 += 1			# LN: 71, 71 | 
462   	 009F	 98540010		xmem[i0] = a0h; i0 += 1			# LN: 71, 71 | 
463   	 00A0	 90540000		xmem[i0] = a0l			# LN: 71 | 
464   	 00A1				cline_71_0:			/* LN: 72 | CYCLE: 0 | RULES: () */ 
465   	 00A1	 90750014		i0 = i7 - (0x14)			# LN: 72 | 
466   	 00A2	 A0140010		a0g = xmem[i0]; i0 += 1			# LN: 72, 72 | 
467   	 00A3	 98140010		a0h = xmem[i0]; i0 += 1			# LN: 72, 72 | 
468   	 00A4	 90140000		a0l = xmem[i0]			# LN: 72 | 
469   	 00A5	 00004F80		a0 = a0 << 8			# LN: 72 | 
470   	 00A6	 00004E00		a0 = a0 << 1			# LN: 72 | 
471   	 00A7	 90750014		i0 = i7 - (0x14)			# LN: 72 | 
472   	 00A8	 A0540010		xmem[i0] = a0g; i0 += 1			# LN: 72, 72 | 
473   	 00A9	 98540010		xmem[i0] = a0h; i0 += 1			# LN: 72, 72 | 
474   	 00AA	 90540000		xmem[i0] = a0l			# LN: 72 | 
475   	 00AB				cline_72_0:			/* LN: 73 | CYCLE: 0 | RULES: () */ 
476   	 00AB	 90750014		i0 = i7 - (0x14)			# LN: 73 | 
477   	 00AC	 A0140010		a0g = xmem[i0]; i0 += 1			# LN: 73, 73 | 
478   	 00AD	 98140010		a0h = xmem[i0]; i0 += 1			# LN: 73, 73 | 
479   	 00AE	 90140000		a0l = xmem[i0]			# LN: 73 | 
480   	 00AF	 80880000		call (__laccum_to_int)			# LN: 73 | 
481   	 00B0	 90750015		i0 = i7 - (0x15)			# LN: 73 | 
482   	 00B1	 98540000		xmem[i0] = a0h			# LN: 73 | 
483   	 00B2				cline_73_0:			/* LN: 75 | CYCLE: 0 | RULES: () */ 
484   	 00B2	 90750015		i0 = i7 - (0x15)			# LN: 75 | 
485   	 00B3	 88140000		a0 = xmem[i0]			# LN: 75 | 
486   	 00B4	 48707FFF		i0 = a0			# LN: 75 | 
487   	 00B5	 00007FFF		nop #empty cycle
488   	 00B6	 80050000		i0 = i0 + (_sin_table + 0)			# LN: 75 | 
489   	 00B7	 88140000		a0 = xmem[i0]			# LN: 75 | 
490   	 00B8	 8008014B		jmp (__epilogue_104)			# LN: 75 | 
491   	 00B9				cline_75_0:			/* LN: 77 | CYCLE: 0 | RULES: () */ 
492   	 00B9				else_1:			/* LN: 64 | CYCLE: 0 | RULES: () */ 
493   	 00B9	 90750003		i0 = i7 - (0x3)			# LN: 77 | 
494   	 00BA	 A0140010		a0g = xmem[i0]; i0 += 1			# LN: 77, 77 | 
495   	 00BB	 98140010		a0h = xmem[i0]; i0 += 1			# LN: 77, 77 | 
496   	 00BC	 90140000		a0l = xmem[i0]			# LN: 77 | 
497   	 00BD	 90750010		i0 = i7 - (0x10)			# LN: 77 | 
498   	 00BE	 A1140010		a1g = xmem[i0]; i0 += 1			# LN: 77, 77 | 
499   	 00BF	 99140010		a1h = xmem[i0]; i0 += 1			# LN: 77, 77 | 
500   	 00C0	 00004C24		b0 =+ a0			# LN: 77 | 
501   	 00C1	 91140000		a1l = xmem[i0]			# LN: 77 | 
502   	 00C2	 00004C08		a0 =+ a1			# LN: 77 | 
503   	 00C3	 00005E40		a0 = a0 >> 1; b0 = b0 >> 1			# LN: 77, 77 | 
504   	 00C4	 00004F24		b0 - a0			# LN: 77 | 
505   	 00C5	 87480104		if (b > 0) jmp (else_2)			# LN: 77 | 
506   	 00C6				cline_77_0:			/* LN: 79 | CYCLE: 0 | RULES: () */ 
507   	 00C6	 90750003		i0 = i7 - (0x3)			# LN: 79 | 
508   	 00C7	 A0140010		a0g = xmem[i0]; i0 += 1			# LN: 79, 79 | 
509   	 00C8	 98140010		a0h = xmem[i0]; i0 += 1			# LN: 79, 79 | 
510   	 00C9	 90140000		a0l = xmem[i0]			# LN: 79 | 
511   	 00CA	 9075000A		i0 = i7 - (0xa)			# LN: 79 | 
512   	 00CB	 A1140010		a1g = xmem[i0]; i0 += 1			# LN: 79, 79 | 
513   	 00CC	 99140010		a1h = xmem[i0]; i0 += 1			# LN: 79, 79 | 
514   	 00CD	 91140000		a1l = xmem[i0]			# LN: 79 | 
515   	 00CE	 00004448		a0 = a0 - a1			# LN: 79 | 
516   	 00CF	 90750003		i0 = i7 - (0x3)			# LN: 79 | 
517   	 00D0	 A0540010		xmem[i0] = a0g; i0 += 1			# LN: 79, 79 | 
518   	 00D1	 98540010		xmem[i0] = a0h; i0 += 1			# LN: 79, 79 | 
519   	 00D2	 90540000		xmem[i0] = a0l			# LN: 79 | 
520   	 00D3				cline_79_0:			/* LN: 81 | CYCLE: 0 | RULES: () */ 
521   	 00D3	 90750003		i0 = i7 - (0x3)			# LN: 81 | 
522   	 00D4	 A0140010		a0g = xmem[i0]; i0 += 1			# LN: 81, 81 | 
523   	 00D5	 98140010		a0h = xmem[i0]; i0 += 1			# LN: 81, 81 | 
524   	 00D6	 90140000		a0l = xmem[i0]			# LN: 81 | 
525   	 00D7	 00004E40		a0 = a0 >> 1			# LN: 81 | 
526   	 00D8	 90750003		i0 = i7 - (0x3)			# LN: 81 | 
527   	 00D9	 A0540010		xmem[i0] = a0g; i0 += 1			# LN: 81, 81 | 
528   	 00DA	 98540010		xmem[i0] = a0h; i0 += 1			# LN: 81, 81 | 
529   	 00DB	 90540000		xmem[i0] = a0l			# LN: 81 | 
530   	 00DC				cline_81_0:			/* LN: 82 | CYCLE: 0 | RULES: () */ 
531   	 00DC	 90750003		i0 = i7 - (0x3)			# LN: 82 | 
532   	 00DD	 A0140010		a0g = xmem[i0]; i0 += 1			# LN: 82, 82 | 
533   	 00DE	 98140010		a0h = xmem[i0]; i0 += 1			# LN: 82, 82 | 
534   	 00DF	 90140000		a0l = xmem[i0]			# LN: 82 | 
535   	 00E0	 90750011		i0 = i7 - (0x11)			# LN: 82 | 
536   	 00E1	 88540000		xmem[i0] = a0			# LN: 82 | 
537   	 00E2				cline_82_0:			/* LN: 84 | CYCLE: 0 | RULES: () */ 
538   	 00E2	 90750011		i0 = i7 - (0x11)			# LN: 84 | 
539   	 00E3	 80140000		x0 = xmem[i0]			# LN: 84 | 
540   	 00E4	 90750007		i0 = i7 - (0x7)			# LN: 84 | 
541   	 00E5	 81140000		x1 = xmem[i0]			# LN: 84 | 
542   	 00E6	 00002080		a0 = x0 * x1			# LN: 84 | 
543   	 00E7	 90750014		i0 = i7 - (0x14)			# LN: 84 | 
544   	 00E8	 A0540010		xmem[i0] = a0g; i0 += 1			# LN: 84, 84 | 
545   	 00E9	 98540010		xmem[i0] = a0h; i0 += 1			# LN: 84, 84 | 
546   	 00EA	 90540000		xmem[i0] = a0l			# LN: 84 | 
547   	 00EB				cline_84_0:			/* LN: 85 | CYCLE: 0 | RULES: () */ 
548   	 00EB	 90750014		i0 = i7 - (0x14)			# LN: 85 | 
549   	 00EC	 A0140010		a0g = xmem[i0]; i0 += 1			# LN: 85, 85 | 
550   	 00ED	 98140010		a0h = xmem[i0]; i0 += 1			# LN: 85, 85 | 
551   	 00EE	 90140000		a0l = xmem[i0]			# LN: 85 | 
552   	 00EF	 00004F80		a0 = a0 << 8			# LN: 85 | 
553   	 00F0	 00004E00		a0 = a0 << 1			# LN: 85 | 
554   	 00F1	 90750014		i0 = i7 - (0x14)			# LN: 85 | 
555   	 00F2	 A0540010		xmem[i0] = a0g; i0 += 1			# LN: 85, 85 | 
556   	 00F3	 98540010		xmem[i0] = a0h; i0 += 1			# LN: 85, 85 | 
557   	 00F4	 90540000		xmem[i0] = a0l			# LN: 85 | 
558   	 00F5				cline_85_0:			/* LN: 86 | CYCLE: 0 | RULES: () */ 
559   	 00F5	 90750014		i0 = i7 - (0x14)			# LN: 86 | 
560   	 00F6	 A0140010		a0g = xmem[i0]; i0 += 1			# LN: 86, 86 | 
561   	 00F7	 98140010		a0h = xmem[i0]; i0 += 1			# LN: 86, 86 | 
562   	 00F8	 90140000		a0l = xmem[i0]			# LN: 86 | 
563   	 00F9	 80880000		call (__laccum_to_int)			# LN: 86 | 
564   	 00FA	 90750015		i0 = i7 - (0x15)			# LN: 86 | 
565   	 00FB	 98540000		xmem[i0] = a0h			# LN: 86 | 
566   	 00FC				cline_86_0:			/* LN: 88 | CYCLE: 0 | RULES: () */ 
567   	 00FC	 90750015		i0 = i7 - (0x15)			# LN: 88 | 
568   	 00FD	 88140000		a0 = xmem[i0]			# LN: 88 | 
569   	 00FE	 48707FFF		i0 = a0			# LN: 88 | 
570   	 00FF	 00007FFF		nop #empty cycle
571   	 0100	 80050000		i0 = i0 + (_sin_table + 0)			# LN: 88 | 
572   	 0101	 88140000		a0 = xmem[i0]			# LN: 88 | 
573   	 0102	 00004C80		a0 =- a0			# LN: 88 | 
574   	 0103	 8008014B		jmp (__epilogue_104)			# LN: 88 | 
575   	 0104				cline_88_0:			/* LN: 92 | CYCLE: 0 | RULES: () */ 
576   	 0104				else_2:			/* LN: 77 | CYCLE: 0 | RULES: () */ 
577   	 0104	 9075000A		i0 = i7 - (0xa)			# LN: 92 | 
578   	 0105	 A0140010		a0g = xmem[i0]; i0 += 1			# LN: 92, 92 | 
579   	 0106	 98140010		a0h = xmem[i0]; i0 += 1			# LN: 92, 92 | 
580   	 0107	 90140000		a0l = xmem[i0]			# LN: 92 | 
581   	 0108	 00004E00		a0 = a0 << 1			# LN: 92 | 
582   	 0109	 9075000A		i0 = i7 - (0xa)			# LN: 92 | 
583   	 010A	 A0540010		xmem[i0] = a0g; i0 += 1			# LN: 92, 92 | 
584   	 010B	 98540010		xmem[i0] = a0h; i0 += 1			# LN: 92, 92 | 
585   	 010C	 90540000		xmem[i0] = a0l			# LN: 92 | 
586   	 010D				cline_92_0:			/* LN: 93 | CYCLE: 0 | RULES: () */ 
587   	 010D	 9075000A		i0 = i7 - (0xa)			# LN: 93 | 
588   	 010E	 A0140010		a0g = xmem[i0]; i0 += 1			# LN: 93, 93 | 
589   	 010F	 98140010		a0h = xmem[i0]; i0 += 1			# LN: 93, 93 | 
590   	 0110	 90140000		a0l = xmem[i0]			# LN: 93 | 
591   	 0111	 90750003		i0 = i7 - (0x3)			# LN: 93 | 
592   	 0112	 A1140010		a1g = xmem[i0]; i0 += 1			# LN: 93, 93 | 
593   	 0113	 99140010		a1h = xmem[i0]; i0 += 1			# LN: 93, 93 | 
594   	 0114	 91140000		a1l = xmem[i0]			# LN: 93 | 
595   	 0115	 00004448		a0 = a0 - a1			# LN: 93 | 
596   	 0116	 90750003		i0 = i7 - (0x3)			# LN: 93 | 
597   	 0117	 A0540010		xmem[i0] = a0g; i0 += 1			# LN: 93, 93 | 
598   	 0118	 98540010		xmem[i0] = a0h; i0 += 1			# LN: 93, 93 | 
599   	 0119	 90540000		xmem[i0] = a0l			# LN: 93 | 
600   	 011A				cline_93_0:			/* LN: 95 | CYCLE: 0 | RULES: () */ 
601   	 011A	 90750003		i0 = i7 - (0x3)			# LN: 95 | 
602   	 011B	 A0140010		a0g = xmem[i0]; i0 += 1			# LN: 95, 95 | 
603   	 011C	 98140010		a0h = xmem[i0]; i0 += 1			# LN: 95, 95 | 
604   	 011D	 90140000		a0l = xmem[i0]			# LN: 95 | 
605   	 011E	 00004E40		a0 = a0 >> 1			# LN: 95 | 
606   	 011F	 90750003		i0 = i7 - (0x3)			# LN: 95 | 
607   	 0120	 A0540010		xmem[i0] = a0g; i0 += 1			# LN: 95, 95 | 
608   	 0121	 98540010		xmem[i0] = a0h; i0 += 1			# LN: 95, 95 | 
609   	 0122	 90540000		xmem[i0] = a0l			# LN: 95 | 
610   	 0123				cline_95_0:			/* LN: 96 | CYCLE: 0 | RULES: () */ 
611   	 0123	 90750003		i0 = i7 - (0x3)			# LN: 96 | 
612   	 0124	 A0140010		a0g = xmem[i0]; i0 += 1			# LN: 96, 96 | 
613   	 0125	 98140010		a0h = xmem[i0]; i0 += 1			# LN: 96, 96 | 
614   	 0126	 90140000		a0l = xmem[i0]			# LN: 96 | 
615   	 0127	 90750011		i0 = i7 - (0x11)			# LN: 96 | 
616   	 0128	 88540000		xmem[i0] = a0			# LN: 96 | 
617   	 0129				cline_96_0:			/* LN: 98 | CYCLE: 0 | RULES: () */ 
618   	 0129	 90750011		i0 = i7 - (0x11)			# LN: 98 | 
619   	 012A	 80140000		x0 = xmem[i0]			# LN: 98 | 
620   	 012B	 90750007		i0 = i7 - (0x7)			# LN: 98 | 
621   	 012C	 81140000		x1 = xmem[i0]			# LN: 98 | 
622   	 012D	 00002080		a0 = x0 * x1			# LN: 98 | 
623   	 012E	 90750014		i0 = i7 - (0x14)			# LN: 98 | 
624   	 012F	 A0540010		xmem[i0] = a0g; i0 += 1			# LN: 98, 98 | 
625   	 0130	 98540010		xmem[i0] = a0h; i0 += 1			# LN: 98, 98 | 
626   	 0131	 90540000		xmem[i0] = a0l			# LN: 98 | 
627   	 0132				cline_98_0:			/* LN: 99 | CYCLE: 0 | RULES: () */ 
628   	 0132	 90750014		i0 = i7 - (0x14)			# LN: 99 | 
629   	 0133	 A0140010		a0g = xmem[i0]; i0 += 1			# LN: 99, 99 | 
630   	 0134	 98140010		a0h = xmem[i0]; i0 += 1			# LN: 99, 99 | 
631   	 0135	 90140000		a0l = xmem[i0]			# LN: 99 | 
632   	 0136	 00004F80		a0 = a0 << 8			# LN: 99 | 
633   	 0137	 00004E00		a0 = a0 << 1			# LN: 99 | 
634   	 0138	 90750014		i0 = i7 - (0x14)			# LN: 99 | 
635   	 0139	 A0540010		xmem[i0] = a0g; i0 += 1			# LN: 99, 99 | 
636   	 013A	 98540010		xmem[i0] = a0h; i0 += 1			# LN: 99, 99 | 
637   	 013B	 90540000		xmem[i0] = a0l			# LN: 99 | 
638   	 013C				cline_99_0:			/* LN: 100 | CYCLE: 0 | RULES: () */ 
639   	 013C	 90750014		i0 = i7 - (0x14)			# LN: 100 | 
640   	 013D	 A0140010		a0g = xmem[i0]; i0 += 1			# LN: 100, 100 | 
641   	 013E	 98140010		a0h = xmem[i0]; i0 += 1			# LN: 100, 100 | 
642   	 013F	 90140000		a0l = xmem[i0]			# LN: 100 | 
643   	 0140	 80880000		call (__laccum_to_int)			# LN: 100 | 
644   	 0141	 90750015		i0 = i7 - (0x15)			# LN: 100 | 
645   	 0142	 98540000		xmem[i0] = a0h			# LN: 100 | 
646   	 0143				cline_100_0:			/* LN: 102 | CYCLE: 0 | RULES: () */ 
647   	 0143	 90750015		i0 = i7 - (0x15)			# LN: 102 | 
648   	 0144	 88140000		a0 = xmem[i0]			# LN: 102 | 
649   	 0145	 48707FFF		i0 = a0			# LN: 102 | 
650   	 0146	 00007FFF		nop #empty cycle
651   	 0147	 80050000		i0 = i0 + (_sin_table + 0)			# LN: 102 | 
652   	 0148	 88140000		a0 = xmem[i0]			# LN: 102 | 
653   	 0149	 00004C80		a0 =- a0			# LN: 102 | 
654   	 014A	 8008014B		jmp (__epilogue_104)			# LN: 102 | 
655   	 014B				cline_102_0:			/* LN: 105 | CYCLE: 0 | RULES: () */ 
656   	 014B				__epilogue_104:			/* LN: 105 | CYCLE: 0 | RULES: () */ 
657   	 014B	 97750015		i7 = i7 - (0x15)			# LN: 105 | 
658   	 014C	 02177FFF		i7 -= 1			# LN: 105 | 
659   	 014D	 81880000		ret			# LN: 105 | 
660   						(null)
				 SYMBOL TABLE 

    Name                                                                                    Type                  Value 

_COMMON_INC_PATH_                                                               					 Define                 "C:/CirrusDSP/crystal32/common/inc/"
_DSP_                                                                           					 Define                 "a"
_LOCAL_INC_PATH_                                                                					 Define                 "inc/"
_LOCAL_SRC_PATH_                                                                					 Define                 "src/"
_MUI_VERSION_                                                                   					 Define                 "020000"
_OVLY_                                                                          					 Define                 "standalone"
_OVLY_REVISION_                                                                 					 Define                 "020000"
_ROUTER_INC_PATH_                                                               					 Define                 "rom_inc/"
_SLOT_                                                                          					 Define                 "0"
_TARGET_FAMILY_                                                                 					 Define                 "crystal32"
_TOOLS_VERSION_                                                                 					 Define                 "0x0701"
_VERSION_                                                                       					 Define                 "00"
__CASM_VER__                                                                    			  Unused Variable		        0 (701H)
__epilogue_104                                                                  			         Relocatable         sine_table_GEN_0004:014BH
__extractedConst_0_1                                                            			         Relocatable         sine_table_GEN_0000:0000H
__extractedConst_1_1                                                            			         Relocatable         sine_table_GEN_0001:0000H
__extractedConst_2_1                                                            			         Relocatable         sine_table_GEN_0002:0000H
__laccum_to_int                                                                 					 External   
_gen_sin                                                                        			  Public Relocatable       sine_table_GEN_0004:0000H
_sin_table                                                                      			  Public Relocatable       sine_table_GEN_0003:0000H
cline_100_0                                                                     			  Unused Relocatable        sine_table_GEN_0004:0143H
cline_102_0                                                                     			  Unused Relocatable        sine_table_GEN_0004:014BH
cline_31_0                                                                      			  Unused Relocatable        sine_table_GEN_0004:0007H
cline_43_0                                                                      			  Unused Relocatable        sine_table_GEN_0004:000DH
cline_44_0                                                                      			  Unused Relocatable        sine_table_GEN_0004:0017H
cline_45_0                                                                      			  Unused Relocatable        sine_table_GEN_0004:001DH
cline_48_0                                                                      			  Unused Relocatable        sine_table_GEN_0004:0024H
cline_49_0                                                                      			  Unused Relocatable        sine_table_GEN_0004:002BH
cline_50_0                                                                      			  Unused Relocatable        sine_table_GEN_0004:0032H
cline_52_0                                                                      			  Unused Relocatable        sine_table_GEN_0004:003FH
cline_55_0                                                                      			  Unused Relocatable        sine_table_GEN_0004:0048H
cline_56_0                                                                      			  Unused Relocatable        sine_table_GEN_0004:004EH
cline_58_0                                                                      			  Unused Relocatable        sine_table_GEN_0004:0057H
cline_59_0                                                                      			  Unused Relocatable        sine_table_GEN_0004:0061H
cline_60_0                                                                      			  Unused Relocatable        sine_table_GEN_0004:0068H
cline_62_0                                                                      			  Unused Relocatable        sine_table_GEN_0004:006FH
cline_64_0                                                                      			  Unused Relocatable        sine_table_GEN_0004:007CH
cline_66_0                                                                      			  Unused Relocatable        sine_table_GEN_0004:0089H
cline_68_0                                                                      			  Unused Relocatable        sine_table_GEN_0004:0092H
cline_69_0                                                                      			  Unused Relocatable        sine_table_GEN_0004:0098H
cline_71_0                                                                      			  Unused Relocatable        sine_table_GEN_0004:00A1H
cline_72_0                                                                      			  Unused Relocatable        sine_table_GEN_0004:00ABH
cline_73_0                                                                      			  Unused Relocatable        sine_table_GEN_0004:00B2H
cline_75_0                                                                      			  Unused Relocatable        sine_table_GEN_0004:00B9H
cline_77_0                                                                      			  Unused Relocatable        sine_table_GEN_0004:00C6H
cline_79_0                                                                      			  Unused Relocatable        sine_table_GEN_0004:00D3H
cline_81_0                                                                      			  Unused Relocatable        sine_table_GEN_0004:00DCH
cline_82_0                                                                      			  Unused Relocatable        sine_table_GEN_0004:00E2H
cline_84_0                                                                      			  Unused Relocatable        sine_table_GEN_0004:00EBH
cline_85_0                                                                      			  Unused Relocatable        sine_table_GEN_0004:00F5H
cline_86_0                                                                      			  Unused Relocatable        sine_table_GEN_0004:00FCH
cline_88_0                                                                      			  Unused Relocatable        sine_table_GEN_0004:0104H
cline_92_0                                                                      			  Unused Relocatable        sine_table_GEN_0004:010DH
cline_93_0                                                                      			  Unused Relocatable        sine_table_GEN_0004:011AH
cline_95_0                                                                      			  Unused Relocatable        sine_table_GEN_0004:0123H
cline_96_0                                                                      			  Unused Relocatable        sine_table_GEN_0004:0129H
cline_98_0                                                                      			  Unused Relocatable        sine_table_GEN_0004:0132H
cline_99_0                                                                      			  Unused Relocatable        sine_table_GEN_0004:013CH
else_0                                                                          			         Relocatable         sine_table_GEN_0004:006FH
else_1                                                                          			         Relocatable         sine_table_GEN_0004:00B9H
else_2                                                                          			         Relocatable         sine_table_GEN_0004:0104H
label_begin_10_0                                                                			  Unused Relocatable        sine_table_GEN_0004:0012H
label_end_10_0                                                                  			         Relocatable         sine_table_GEN_0004:0012H

	       SEGMENTS:

Size			  Name										 Class
0000H	 __INIT                                  			 CODE                                    
0003H	 sine_table_GEN_0000                     			 X_OVLY                                  
0003H	 sine_table_GEN_0001                     			 X_OVLY                                  
0003H	 sine_table_GEN_0002                     			 X_OVLY                                  
0100H	 sine_table_GEN_0003                     			 X_OVLY                                  
014EH	 sine_table_GEN_0004                     			 CODE_OVLY                               
